Backend running at http://localhost:5000
Images served from http://localhost:5000/assets/images/
[0mGET /api/health [32m200[0m 3.983 ms - 47[0m
[0mGET /api/health [32m200[0m 0.501 ms - 47[0m
[0mGET /api/images [32m200[0m 32.873 ms - 2179877[0m
[0mGET /api/health [32m200[0m 0.368 ms - 47[0m
[0mGET /favicon.ico [33m404[0m 1.149 ms - 150[0m
[0mGET /assets/images/sinha.jpg [32m200[0m 4.219 ms - 19924[0m
[0mGET /assets/images/richard.jpg [32m200[0m 6.360 ms - 20812[0m
[0mGET /assets/images/sazid-ibna-zaman-879x1024.jpg [32m200[0m 9.878 ms - 85746[0m
[0mGET /assets/images/richard.jpg [32m200[0m 5.261 ms - 20812[0m
[0mGET /assets/images/sinha.jpg [32m200[0m 14.016 ms - 19924[0m
[0mGET /assets/images/sazid-ibna-zaman-879x1024.jpg [32m200[0m 8.928 ms - 85746[0m
[0mGET /assets/images/who-we-are.jpg [32m200[0m 16.690 ms - 86659[0m
[0mGET /api/images [32m200[0m 36.513 ms - 2179877[0m
[0mGET /api/images [36m304[0m 31.281 ms - -[0m
[0mGET /assets/images/grpmbd-1024x283.png [32m200[0m 3.822 ms - 31123[0m
[0mGET /assets/images/rabies.jpg [32m200[0m 11.470 ms - 67630[0m
[0mGET /assets/images/group-photo-4.jpg [32m200[0m 14.665 ms - 118069[0m
[0mGET /assets/images/group-photo-3.jpg [32m200[0m 15.088 ms - 138661[0m
[0mGET /assets/images/volunteer-activity-1.jpg [32m200[0m 2.992 ms - 60213[0m
[0mGET /assets/images/grpmbd-1024x283.png [32m200[0m 1.598 ms - 31123[0m
[0mGET /assets/images/9d43283d-11a2-4796-8803-1eb9c7b12e83-900x640.jpg [32m200[0m 2.607 ms - 86659[0m
[0mGET /assets/images/caddddpture-1024x420.jpg [32m200[0m 1.687 ms - 82125[0m
[0mGET /assets/images/a2-landscape-fundraising-8-1024x724.png [32m200[0m 2.751 ms - 203289[0m
[0mGET /api/images [32m200[0m 27.986 ms - 2179877[0m
[0mGET /assets/images/18-groupmappers-showcase-1024x576.jpg [32m200[0m 5.176 ms - 44904[0m
[0mGET /assets/images/img-5440-900x640.jpg [32m200[0m 4.164 ms - 141366[0m
[0mGET /assets/images/323640300-873953090592227-1708312130902432154-n-900x640.jpg [32m200[0m 6.647 ms - 133626[0m
[0mGET /assets/images/grpmbd-1024x283.png [32m200[0m 14.607 ms - 31123[0m
[0mGET /assets/images/volunteer-900x640.jpg [32m200[0m 10.088 ms - 138661[0m
[0mGET /api/images [32m200[0m 34.813 ms - 2179877[0m
[0mGET /assets/images/a2-landscape-fundraising-8-1024x724.png [32m200[0m 10.459 ms - 203289[0m
[0mGET /assets/images/18-groupmappers-showcase-1024x576.jpg [32m200[0m 1.693 ms - 44904[0m
[0mGET /assets/images/323640300-873953090592227-1708312130902432154-n-900x640.jpg [32m200[0m 1.224 ms - 133626[0m
[0mGET /assets/images/329856116-2015029008690502-4708346483387385590-n-1-900x640.jpg [32m200[0m 1.502 ms - 60213[0m
[0mGET /assets/images/331983336-1200178177277688-3773989570788146855-n-900x640.jpg [32m200[0m 1.331 ms - 118069[0m
[0mGET /assets/images/332125939-946766212981655-4392939912334334589-n-900x640.jpg [32m200[0m 1.373 ms - 97639[0m
[0mGET /assets/images/9d43283d-11a2-4796-8803-1eb9c7b12e83-900x640.jpg [32m200[0m 1.224 ms - 86659[0m
[0mGET /assets/images/a2-landscape-fundraising-8-1024x724.png [32m200[0m 1.195 ms - 203289[0m
[0mGET /assets/images/caddddpture-1024x420.jpg [32m200[0m 2.083 ms - 82125[0m
[0mGET /assets/images/group-moru-removebg-preview.png [32m200[0m 1.205 ms - 12202[0m
[0mGET /assets/images/grpmbd-1024x283.png [32m200[0m 1.239 ms - 31123[0m
[0mGET /assets/images/img-5440-900x640.jpg [32m200[0m 1.634 ms - 141366[0m
[0mGET /assets/images/mask-status-by-location-1024x424.jpg [32m200[0m 1.196 ms - 29028[0m
[0mGET /assets/images/rabies.jpg [32m200[0m 1.136 ms - 67630[0m
[0mGET /assets/images/res02-img-20200221-144520-scaled.jpg [32m200[0m 1.482 ms - 405508[0m
[0mGET /assets/images/richard.jpg [32m200[0m 1.334 ms - 20812[0m
[0mGET /assets/images/sazid-ibna-zaman-879x1024.jpg [32m200[0m 1.315 ms - 85746[0m
[0mGET /assets/images/sinha.jpg [32m200[0m 1.181 ms - 19924[0m
[0mGET /assets/images/volunteer-900x640.jpg [32m200[0m 1.268 ms - 138661[0m
[0mGET /api/images [32m200[0m 33.101 ms - 2179877[0m
[0mGET /api/health [32m200[0m 0.402 ms - 47[0m
